{"/Users/jurandirjunior/Github/MindReader/frontend/src/components/AnswerButtons.tsx": {"path":"/Users/jurandirjunior/Github/MindReader/frontend/src/components/AnswerButtons.tsx","statementMap":{"0":{"start":{"line":10,"column":52},"end":{"line":16,"column":null}},"1":{"start":{"line":18,"column":37},"end":{"line":18,"column":null}},"2":{"start":{"line":21,"column":10},"end":{"line":21,"column":32}},"3":{"start":{"line":22,"column":18},"end":{"line":22,"column":67}},"4":{"start":{"line":24,"column":47},"end":{"line":30,"column":null}},"5":{"start":{"line":32,"column":8},"end":{"line":34,"column":null}},"6":{"start":{"line":33,"column":4},"end":{"line":33,"column":null}},"7":{"start":{"line":34,"column":4},"end":{"line":34,"column":null}},"8":{"start":{"line":38,"column":2},"end":{"line":39,"column":null}},"9":{"start":{"line":39,"column":4},"end":{"line":39,"column":null}},"10":{"start":{"line":42,"column":2},"end":{"line":70,"column":null}},"11":{"start":{"line":45,"column":8},"end":{"line":68,"column":null}},"12":{"start":{"line":47,"column":25},"end":{"line":47,"column":43}}},"fnMap":{"0":{"name":"AnswerButtons","decl":{"start":{"line":20,"column":16},"end":{"line":20,"column":30}},"loc":{"start":{"line":20,"column":75},"end":{"line":70,"column":null}},"line":20},"1":{"name":"(anonymous_1)","decl":{"start":{"line":32,"column":8},"end":{"line":32,"column":23}},"loc":{"start":{"line":32,"column":47},"end":{"line":34,"column":null}},"line":32},"2":{"name":"(anonymous_2)","decl":{"start":{"line":44,"column":20},"end":{"line":44,"column":25}},"loc":{"start":{"line":45,"column":8},"end":{"line":68,"column":null}},"line":45},"3":{"name":"(anonymous_3)","decl":{"start":{"line":47,"column":10},"end":{"line":47,"column":25}},"loc":{"start":{"line":47,"column":25},"end":{"line":47,"column":43}},"line":47}},"branchMap":{"0":{"loc":{"start":{"line":38,"column":2},"end":{"line":39,"column":null}},"type":"if","locations":[{"start":{"line":38,"column":2},"end":{"line":39,"column":null}},{"start":{},"end":{}}],"line":38},"1":{"loc":{"start":{"line":38,"column":6},"end":{"line":38,"column":38}},"type":"binary-expr","locations":[{"start":{"line":38,"column":6},"end":{"line":38,"column":20}},{"start":{"line":38,"column":20},"end":{"line":38,"column":38}}],"line":38},"2":{"loc":{"start":{"line":60,"column":11},"end":{"line":66,"column":null}},"type":"cond-expr","locations":[{"start":{"line":61,"column":12},"end":{"line":66,"column":19}},{"start":{"line":66,"column":12},"end":{"line":66,"column":null}}],"line":60},"3":{"loc":{"start":{"line":60,"column":11},"end":{"line":60,"column":null}},"type":"binary-expr","locations":[{"start":{"line":60,"column":11},"end":{"line":60,"column":24}},{"start":{"line":60,"column":24},"end":{"line":60,"column":null}}],"line":60}},"s":{"0":1,"1":1,"2":14,"3":14,"4":14,"5":14,"6":4,"7":4,"8":14,"9":3,"10":14,"11":70,"12":4},"f":{"0":14,"1":4,"2":70,"3":4},"b":{"0":[3,11],"1":[14,11],"2":[1,69],"3":[70,15]},"meta":{"lastBranch":4,"lastFunction":4,"lastStatement":13,"seen":{"s:10:52:16:Infinity":0,"s:18:37:18:Infinity":1,"f:20:16:20:30":0,"s:21:10:21:32":2,"s:22:18:22:67":3,"s:24:47:30:Infinity":4,"s:32:8:34:Infinity":5,"f:32:8:32:23":1,"s:33:4:33:Infinity":6,"s:34:4:34:Infinity":7,"b:38:2:39:Infinity:undefined:undefined:undefined:undefined":0,"s:38:2:39:Infinity":8,"b:38:6:38:20:38:20:38:38":1,"s:39:4:39:Infinity":9,"s:42:2:70:Infinity":10,"f:44:20:44:25":2,"s:45:8:68:Infinity":11,"f:47:10:47:25":3,"s:47:25:47:43":12,"b:61:12:66:19:66:12:66:Infinity":2,"b:60:11:60:24:60:24:60:Infinity":3}}}
,"/Users/jurandirjunior/Github/MindReader/frontend/src/components/GuessReveal.tsx": {"path":"/Users/jurandirjunior/Github/MindReader/frontend/src/components/GuessReveal.tsx","statementMap":{"0":{"start":{"line":15,"column":10},"end":{"line":15,"column":32}},"1":{"start":{"line":16,"column":19},"end":{"line":16,"column":49}},"2":{"start":{"line":17,"column":25},"end":{"line":17,"column":61}},"3":{"start":{"line":18,"column":24},"end":{"line":18,"column":56}},"4":{"start":{"line":19,"column":21},"end":{"line":19,"column":53}},"5":{"start":{"line":20,"column":8},"end":{"line":20,"column":49}},"6":{"start":{"line":21,"column":31},"end":{"line":21,"column":72}},"7":{"start":{"line":23,"column":2},"end":{"line":26,"column":null}},"8":{"start":{"line":24,"column":18},"end":{"line":24,"column":58}},"9":{"start":{"line":24,"column":35},"end":{"line":24,"column":52}},"10":{"start":{"line":25,"column":4},"end":{"line":25,"column":null}},"11":{"start":{"line":25,"column":17},"end":{"line":25,"column":36}},"12":{"start":{"line":28,"column":2},"end":{"line":30,"column":null}},"13":{"start":{"line":29,"column":4},"end":{"line":29,"column":null}},"14":{"start":{"line":29,"column":24},"end":{"line":29,"column":null}},"15":{"start":{"line":32,"column":8},"end":{"line":33,"column":null}},"16":{"start":{"line":33,"column":4},"end":{"line":33,"column":null}},"17":{"start":{"line":36,"column":33},"end":{"line":40,"column":null}},"18":{"start":{"line":37,"column":4},"end":{"line":37,"column":null}},"19":{"start":{"line":38,"column":4},"end":{"line":38,"column":null}},"20":{"start":{"line":39,"column":4},"end":{"line":39,"column":null}},"21":{"start":{"line":40,"column":4},"end":{"line":40,"column":null}},"22":{"start":{"line":43,"column":8},"end":{"line":44,"column":null}},"23":{"start":{"line":44,"column":4},"end":{"line":44,"column":null}},"24":{"start":{"line":47,"column":2},"end":{"line":211,"column":null}},"25":{"start":{"line":169,"column":29},"end":{"line":169,"column":61}},"26":{"start":{"line":171,"column":14},"end":{"line":171,"column":null}},"27":{"start":{"line":171,"column":61},"end":{"line":171,"column":null}}},"fnMap":{"0":{"name":"GuessReveal","decl":{"start":{"line":14,"column":16},"end":{"line":14,"column":28}},"loc":{"start":{"line":14,"column":99},"end":{"line":211,"column":null}},"line":14},"1":{"name":"(anonymous_1)","decl":{"start":{"line":23,"column":2},"end":{"line":23,"column":18}},"loc":{"start":{"line":23,"column":18},"end":{"line":26,"column":7}},"line":23},"2":{"name":"(anonymous_2)","decl":{"start":{"line":24,"column":18},"end":{"line":24,"column":35}},"loc":{"start":{"line":24,"column":35},"end":{"line":24,"column":52}},"line":24},"3":{"name":"(anonymous_3)","decl":{"start":{"line":25,"column":4},"end":{"line":25,"column":17}},"loc":{"start":{"line":25,"column":17},"end":{"line":25,"column":36}},"line":25},"4":{"name":"(anonymous_4)","decl":{"start":{"line":28,"column":2},"end":{"line":28,"column":18}},"loc":{"start":{"line":28,"column":18},"end":{"line":30,"column":6}},"line":28},"5":{"name":"(anonymous_5)","decl":{"start":{"line":32,"column":8},"end":{"line":32,"column":33}},"loc":{"start":{"line":32,"column":33},"end":{"line":33,"column":null}},"line":32},"6":{"name":"(anonymous_6)","decl":{"start":{"line":36,"column":33},"end":{"line":36,"column":45}},"loc":{"start":{"line":36,"column":45},"end":{"line":40,"column":null}},"line":36},"7":{"name":"(anonymous_7)","decl":{"start":{"line":38,"column":54},"end":{"line":38,"column":66}},"loc":{"start":{"line":38,"column":66},"end":{"line":38,"column":69}},"line":38},"8":{"name":"(anonymous_8)","decl":{"start":{"line":43,"column":8},"end":{"line":43,"column":27}},"loc":{"start":{"line":43,"column":27},"end":{"line":44,"column":null}},"line":43},"9":{"name":"(anonymous_9)","decl":{"start":{"line":169,"column":12},"end":{"line":169,"column":23}},"loc":{"start":{"line":169,"column":29},"end":{"line":169,"column":61}},"line":169},"10":{"name":"(anonymous_10)","decl":{"start":{"line":170,"column":12},"end":{"line":170,"column":24}},"loc":{"start":{"line":170,"column":30},"end":{"line":171,"column":null}},"line":170}},"branchMap":{"0":{"loc":{"start":{"line":29,"column":4},"end":{"line":29,"column":null}},"type":"if","locations":[{"start":{"line":29,"column":4},"end":{"line":29,"column":null}},{"start":{},"end":{}}],"line":29},"1":{"loc":{"start":{"line":51,"column":9},"end":{"line":88,"column":9}},"type":"cond-expr","locations":[{"start":{"line":53,"column":10},"end":{"line":54,"column":null}},{"start":{"line":54,"column":12},"end":{"line":88,"column":9}}],"line":51},"2":{"loc":{"start":{"line":54,"column":12},"end":{"line":88,"column":9}},"type":"cond-expr","locations":[{"start":{"line":56,"column":10},"end":{"line":74,"column":11}},{"start":{"line":74,"column":10},"end":{"line":88,"column":9}}],"line":54},"3":{"loc":{"start":{"line":61,"column":16},"end":{"line":61,"column":null}},"type":"cond-expr","locations":[{"start":{"line":61,"column":27},"end":{"line":61,"column":89}},{"start":{"line":61,"column":89},"end":{"line":61,"column":null}}],"line":61},"4":{"loc":{"start":{"line":80,"column":16},"end":{"line":80,"column":null}},"type":"cond-expr","locations":[{"start":{"line":80,"column":27},"end":{"line":80,"column":89}},{"start":{"line":80,"column":89},"end":{"line":80,"column":null}}],"line":80},"5":{"loc":{"start":{"line":95,"column":12},"end":{"line":95,"column":null}},"type":"cond-expr","locations":[{"start":{"line":95,"column":23},"end":{"line":95,"column":53}},{"start":{"line":95,"column":53},"end":{"line":95,"column":null}}],"line":95},"6":{"loc":{"start":{"line":105,"column":12},"end":{"line":105,"column":null}},"type":"cond-expr","locations":[{"start":{"line":105,"column":23},"end":{"line":105,"column":53}},{"start":{"line":105,"column":53},"end":{"line":105,"column":null}}],"line":105},"7":{"loc":{"start":{"line":111,"column":7},"end":{"line":211,"column":null}},"type":"cond-expr","locations":[{"start":{"line":112,"column":8},"end":{"line":161,"column":null}},{"start":{"line":163,"column":8},"end":{"line":211,"column":null}}],"line":111},"8":{"loc":{"start":{"line":117,"column":16},"end":{"line":117,"column":null}},"type":"cond-expr","locations":[{"start":{"line":117,"column":27},"end":{"line":117,"column":57}},{"start":{"line":117,"column":57},"end":{"line":117,"column":null}}],"line":117},"9":{"loc":{"start":{"line":127,"column":16},"end":{"line":127,"column":null}},"type":"cond-expr","locations":[{"start":{"line":127,"column":27},"end":{"line":127,"column":57}},{"start":{"line":127,"column":57},"end":{"line":127,"column":null}}],"line":127},"10":{"loc":{"start":{"line":171,"column":14},"end":{"line":171,"column":null}},"type":"if","locations":[{"start":{"line":171,"column":14},"end":{"line":171,"column":null}},{"start":{},"end":{}}],"line":171},"11":{"loc":{"start":{"line":171,"column":18},"end":{"line":171,"column":59}},"type":"binary-expr","locations":[{"start":{"line":171,"column":18},"end":{"line":171,"column":39}},{"start":{"line":171,"column":39},"end":{"line":171,"column":59}}],"line":171},"12":{"loc":{"start":{"line":185,"column":24},"end":{"line":185,"column":59}},"type":"binary-expr","locations":[{"start":{"line":185,"column":24},"end":{"line":185,"column":38}},{"start":{"line":185,"column":38},"end":{"line":185,"column":59}}],"line":185}},"s":{"0":31,"1":31,"2":31,"3":31,"4":31,"5":31,"6":31,"7":31,"8":11,"9":0,"10":11,"11":11,"12":31,"13":18,"14":7,"15":31,"16":7,"17":31,"18":2,"19":2,"20":2,"21":2,"22":31,"23":1,"24":31,"25":9,"26":10,"27":1},"f":{"0":31,"1":11,"2":0,"3":11,"4":18,"5":7,"6":2,"7":0,"8":1,"9":9,"10":10},"b":{"0":[7,11],"1":[0,31],"2":[0,31],"3":[0,0],"4":[0,31],"5":[0,31],"6":[0,31],"7":[11,20],"8":[0,11],"9":[0,11],"10":[1,9],"11":[10,1],"12":[20,18]},"meta":{"lastBranch":13,"lastFunction":11,"lastStatement":28,"seen":{"f:14:16:14:28":0,"s:15:10:15:32":0,"s:16:19:16:49":1,"s:17:25:17:61":2,"s:18:24:18:56":3,"s:19:21:19:53":4,"s:20:8:20:49":5,"s:21:31:21:72":6,"s:23:2:26:Infinity":7,"f:23:2:23:18":1,"s:24:18:24:58":8,"f:24:18:24:35":2,"s:24:35:24:52":9,"s:25:4:25:Infinity":10,"f:25:4:25:17":3,"s:25:17:25:36":11,"s:28:2:30:Infinity":12,"f:28:2:28:18":4,"b:29:4:29:Infinity:undefined:undefined:undefined:undefined":0,"s:29:4:29:Infinity":13,"s:29:24:29:Infinity":14,"s:32:8:33:Infinity":15,"f:32:8:32:33":5,"s:33:4:33:Infinity":16,"s:36:33:40:Infinity":17,"f:36:33:36:45":6,"s:37:4:37:Infinity":18,"s:38:4:38:Infinity":19,"f:38:54:38:66":7,"s:39:4:39:Infinity":20,"s:40:4:40:Infinity":21,"s:43:8:44:Infinity":22,"f:43:8:43:27":8,"s:44:4:44:Infinity":23,"s:47:2:211:Infinity":24,"b:53:10:54:Infinity:54:12:88:9":1,"b:56:10:74:11:74:10:88:9":2,"b:61:27:61:89:61:89:61:Infinity":3,"b:80:27:80:89:80:89:80:Infinity":4,"b:95:23:95:53:95:53:95:Infinity":5,"b:105:23:105:53:105:53:105:Infinity":6,"b:112:8:161:Infinity:163:8:211:Infinity":7,"b:117:27:117:57:117:57:117:Infinity":8,"b:127:27:127:57:127:57:127:Infinity":9,"f:169:12:169:23":9,"s:169:29:169:61":25,"f:170:12:170:24":10,"b:171:14:171:Infinity:undefined:undefined:undefined:undefined":10,"s:171:14:171:Infinity":26,"b:171:18:171:39:171:39:171:59":11,"s:171:61:171:Infinity":27,"b:185:24:185:38:185:38:185:59":12}}}
,"/Users/jurandirjunior/Github/MindReader/frontend/src/components/ProgressBar.tsx": {"path":"/Users/jurandirjunior/Github/MindReader/frontend/src/components/ProgressBar.tsx","statementMap":{"0":{"start":{"line":9,"column":10},"end":{"line":9,"column":32}},"1":{"start":{"line":10,"column":21},"end":{"line":10,"column":57}},"2":{"start":{"line":12,"column":2},"end":{"line":27,"column":null}}},"fnMap":{"0":{"name":"ProgressBar","decl":{"start":{"line":8,"column":16},"end":{"line":8,"column":28}},"loc":{"start":{"line":8,"column":64},"end":{"line":27,"column":null}},"line":8}},"branchMap":{},"s":{"0":6,"1":6,"2":6},"f":{"0":6},"b":{},"meta":{"lastBranch":0,"lastFunction":1,"lastStatement":3,"seen":{"f:8:16:8:28":0,"s:9:10:9:32":0,"s:10:21:10:57":1,"s:12:2:27:Infinity":2}}}
,"/Users/jurandirjunior/Github/MindReader/frontend/src/components/QuestionDisplay.tsx": {"path":"/Users/jurandirjunior/Github/MindReader/frontend/src/components/QuestionDisplay.tsx","statementMap":{"0":{"start":{"line":10,"column":10},"end":{"line":10,"column":32}},"1":{"start":{"line":11,"column":18},"end":{"line":11,"column":47}},"2":{"start":{"line":12,"column":28},"end":{"line":12,"column":70}},"3":{"start":{"line":14,"column":2},"end":{"line":21,"column":null}},"4":{"start":{"line":15,"column":4},"end":{"line":15,"column":null}},"5":{"start":{"line":16,"column":20},"end":{"line":19,"column":11}},"6":{"start":{"line":17,"column":6},"end":{"line":17,"column":null}},"7":{"start":{"line":18,"column":6},"end":{"line":18,"column":null}},"8":{"start":{"line":20,"column":4},"end":{"line":20,"column":null}},"9":{"start":{"line":20,"column":17},"end":{"line":20,"column":38}},"10":{"start":{"line":23,"column":2},"end":{"line":39,"column":null}}},"fnMap":{"0":{"name":"QuestionDisplay","decl":{"start":{"line":9,"column":16},"end":{"line":9,"column":32}},"loc":{"start":{"line":9,"column":84},"end":{"line":39,"column":null}},"line":9},"1":{"name":"(anonymous_1)","decl":{"start":{"line":14,"column":2},"end":{"line":14,"column":18}},"loc":{"start":{"line":14,"column":18},"end":{"line":21,"column":6}},"line":14},"2":{"name":"(anonymous_2)","decl":{"start":{"line":16,"column":20},"end":{"line":16,"column":37}},"loc":{"start":{"line":16,"column":37},"end":{"line":19,"column":11}},"line":16},"3":{"name":"(anonymous_3)","decl":{"start":{"line":20,"column":4},"end":{"line":20,"column":17}},"loc":{"start":{"line":20,"column":17},"end":{"line":20,"column":38}},"line":20}},"branchMap":{"0":{"loc":{"start":{"line":33,"column":12},"end":{"line":33,"column":null}},"type":"cond-expr","locations":[{"start":{"line":33,"column":22},"end":{"line":33,"column":52}},{"start":{"line":33,"column":52},"end":{"line":33,"column":null}}],"line":33}},"s":{"0":8,"1":8,"2":8,"3":8,"4":6,"5":6,"6":1,"7":1,"8":6,"9":6,"10":8},"f":{"0":8,"1":6,"2":1,"3":6},"b":{"0":[1,7]},"meta":{"lastBranch":1,"lastFunction":4,"lastStatement":11,"seen":{"f:9:16:9:32":0,"s:10:10:10:32":0,"s:11:18:11:47":1,"s:12:28:12:70":2,"s:14:2:21:Infinity":3,"f:14:2:14:18":1,"s:15:4:15:Infinity":4,"s:16:20:19:11":5,"f:16:20:16:37":2,"s:17:6:17:Infinity":6,"s:18:6:18:Infinity":7,"s:20:4:20:Infinity":8,"f:20:4:20:17":3,"s:20:17:20:38":9,"s:23:2:39:Infinity":10,"b:33:22:33:52:33:52:33:Infinity":0}}}
,"/Users/jurandirjunior/Github/MindReader/frontend/src/hooks/useWikipediaImage.ts": {"path":"/Users/jurandirjunior/Github/MindReader/frontend/src/hooks/useWikipediaImage.ts","statementMap":{"0":{"start":{"line":9,"column":19},"end":{"line":9,"column":63}},"1":{"start":{"line":10,"column":20},"end":{"line":10,"column":51}},"2":{"start":{"line":12,"column":2},"end":{"line":53,"column":null}},"3":{"start":{"line":13,"column":4},"end":{"line":13,"column":null}},"4":{"start":{"line":13,"column":18},"end":{"line":13,"column":null}},"5":{"start":{"line":15,"column":20},"end":{"line":15,"column":null}},"6":{"start":{"line":16,"column":4},"end":{"line":16,"column":null}},"7":{"start":{"line":17,"column":4},"end":{"line":17,"column":null}},"8":{"start":{"line":20,"column":30},"end":{"line":20,"column":null}},"9":{"start":{"line":21,"column":23},"end":{"line":21,"column":68}},"10":{"start":{"line":24,"column":6},"end":{"line":25,"column":null}},"11":{"start":{"line":27,"column":4},"end":{"line":48,"column":null}},"12":{"start":{"line":28,"column":22},"end":{"line":28,"column":50}},"13":{"start":{"line":30,"column":8},"end":{"line":30,"column":null}},"14":{"start":{"line":30,"column":23},"end":{"line":30,"column":null}},"15":{"start":{"line":31,"column":42},"end":{"line":31,"column":null}},"16":{"start":{"line":32,"column":8},"end":{"line":32,"column":null}},"17":{"start":{"line":32,"column":20},"end":{"line":32,"column":null}},"18":{"start":{"line":33,"column":21},"end":{"line":33,"column":65}},"19":{"start":{"line":34,"column":8},"end":{"line":36,"column":null}},"20":{"start":{"line":36,"column":26},"end":{"line":36,"column":54}},"21":{"start":{"line":39,"column":8},"end":{"line":39,"column":null}},"22":{"start":{"line":39,"column":23},"end":{"line":39,"column":null}},"23":{"start":{"line":40,"column":40},"end":{"line":40,"column":null}},"24":{"start":{"line":41,"column":8},"end":{"line":41,"column":null}},"25":{"start":{"line":44,"column":8},"end":{"line":44,"column":null}},"26":{"start":{"line":44,"column":24},"end":{"line":44,"column":null}},"27":{"start":{"line":47,"column":8},"end":{"line":47,"column":null}},"28":{"start":{"line":47,"column":24},"end":{"line":47,"column":null}},"29":{"start":{"line":50,"column":4},"end":{"line":51,"column":null}},"30":{"start":{"line":51,"column":6},"end":{"line":51,"column":null}},"31":{"start":{"line":55,"column":2},"end":{"line":55,"column":null}}},"fnMap":{"0":{"name":"useWikipediaImage","decl":{"start":{"line":8,"column":16},"end":{"line":8,"column":34}},"loc":{"start":{"line":8,"column":80},"end":{"line":55,"column":null}},"line":8},"1":{"name":"(anonymous_1)","decl":{"start":{"line":12,"column":2},"end":{"line":12,"column":18}},"loc":{"start":{"line":12,"column":18},"end":{"line":53,"column":6}},"line":12},"2":{"name":"(anonymous_2)","decl":{"start":{"line":28,"column":7},"end":{"line":28,"column":13}},"loc":{"start":{"line":28,"column":22},"end":{"line":28,"column":50}},"line":28},"3":{"name":"(anonymous_3)","decl":{"start":{"line":29,"column":7},"end":{"line":29,"column":13}},"loc":{"start":{"line":29,"column":28},"end":{"line":37,"column":null}},"line":29},"4":{"name":"(anonymous_4)","decl":{"start":{"line":36,"column":11},"end":{"line":36,"column":17}},"loc":{"start":{"line":36,"column":26},"end":{"line":36,"column":54}},"line":36},"5":{"name":"(anonymous_5)","decl":{"start":{"line":38,"column":7},"end":{"line":38,"column":13}},"loc":{"start":{"line":38,"column":22},"end":{"line":42,"column":null}},"line":38},"6":{"name":"(anonymous_6)","decl":{"start":{"line":43,"column":7},"end":{"line":43,"column":19}},"loc":{"start":{"line":43,"column":19},"end":{"line":45,"column":null}},"line":43},"7":{"name":"(anonymous_7)","decl":{"start":{"line":46,"column":7},"end":{"line":46,"column":21}},"loc":{"start":{"line":46,"column":21},"end":{"line":48,"column":null}},"line":46},"8":{"name":"(anonymous_8)","decl":{"start":{"line":50,"column":4},"end":{"line":50,"column":17}},"loc":{"start":{"line":50,"column":17},"end":{"line":51,"column":null}},"line":50}},"branchMap":{"0":{"loc":{"start":{"line":13,"column":4},"end":{"line":13,"column":null}},"type":"if","locations":[{"start":{"line":13,"column":4},"end":{"line":13,"column":null}},{"start":{},"end":{}}],"line":13},"1":{"loc":{"start":{"line":28,"column":22},"end":{"line":28,"column":50}},"type":"cond-expr","locations":[{"start":{"line":28,"column":31},"end":{"line":28,"column":41}},{"start":{"line":28,"column":44},"end":{"line":28,"column":50}}],"line":28},"2":{"loc":{"start":{"line":30,"column":8},"end":{"line":30,"column":null}},"type":"if","locations":[{"start":{"line":30,"column":8},"end":{"line":30,"column":null}},{"start":{},"end":{}}],"line":30},"3":{"loc":{"start":{"line":32,"column":8},"end":{"line":32,"column":null}},"type":"if","locations":[{"start":{"line":32,"column":8},"end":{"line":32,"column":null}},{"start":{},"end":{}}],"line":32},"4":{"loc":{"start":{"line":36,"column":26},"end":{"line":36,"column":54}},"type":"cond-expr","locations":[{"start":{"line":36,"column":35},"end":{"line":36,"column":45}},{"start":{"line":36,"column":48},"end":{"line":36,"column":54}}],"line":36},"5":{"loc":{"start":{"line":39,"column":8},"end":{"line":39,"column":null}},"type":"if","locations":[{"start":{"line":39,"column":8},"end":{"line":39,"column":null}},{"start":{},"end":{}}],"line":39},"6":{"loc":{"start":{"line":41,"column":20},"end":{"line":41,"column":32}},"type":"binary-expr","locations":[{"start":{"line":41,"column":20},"end":{"line":41,"column":27}},{"start":{"line":41,"column":27},"end":{"line":41,"column":32}}],"line":41},"7":{"loc":{"start":{"line":44,"column":8},"end":{"line":44,"column":null}},"type":"if","locations":[{"start":{"line":44,"column":8},"end":{"line":44,"column":null}},{"start":{},"end":{}}],"line":44},"8":{"loc":{"start":{"line":47,"column":8},"end":{"line":47,"column":null}},"type":"if","locations":[{"start":{"line":47,"column":8},"end":{"line":47,"column":null}},{"start":{},"end":{}}],"line":47}},"s":{"0":24,"1":24,"2":24,"3":9,"4":1,"5":8,"6":8,"7":8,"8":8,"9":8,"10":8,"11":8,"12":6,"13":6,"14":0,"15":6,"16":6,"17":1,"18":5,"19":5,"20":5,"21":6,"22":0,"23":6,"24":6,"25":1,"26":1,"27":7,"28":7,"29":8,"30":8,"31":24},"f":{"0":24,"1":9,"2":6,"3":6,"4":5,"5":6,"6":1,"7":7,"8":8},"b":{"0":[1,8],"1":[6,0],"2":[0,6],"3":[1,5],"4":[5,0],"5":[0,6],"6":[6,2],"7":[1,0],"8":[7,0]},"meta":{"lastBranch":9,"lastFunction":9,"lastStatement":32,"seen":{"f:8:16:8:34":0,"s:9:19:9:63":0,"s:10:20:10:51":1,"s:12:2:53:Infinity":2,"f:12:2:12:18":1,"b:13:4:13:Infinity:undefined:undefined:undefined:undefined":0,"s:13:4:13:Infinity":3,"s:13:18:13:Infinity":4,"s:15:20:15:Infinity":5,"s:16:4:16:Infinity":6,"s:17:4:17:Infinity":7,"s:20:30:20:Infinity":8,"s:21:23:21:68":9,"s:24:6:25:Infinity":10,"s:27:4:48:Infinity":11,"f:28:7:28:13":2,"s:28:22:28:50":12,"b:28:31:28:41:28:44:28:50":1,"f:29:7:29:13":3,"b:30:8:30:Infinity:undefined:undefined:undefined:undefined":2,"s:30:8:30:Infinity":13,"s:30:23:30:Infinity":14,"s:31:42:31:Infinity":15,"b:32:8:32:Infinity:undefined:undefined:undefined:undefined":3,"s:32:8:32:Infinity":16,"s:32:20:32:Infinity":17,"s:33:21:33:65":18,"s:34:8:36:Infinity":19,"f:36:11:36:17":4,"s:36:26:36:54":20,"b:36:35:36:45:36:48:36:54":4,"f:38:7:38:13":5,"b:39:8:39:Infinity:undefined:undefined:undefined:undefined":5,"s:39:8:39:Infinity":21,"s:39:23:39:Infinity":22,"s:40:40:40:Infinity":23,"s:41:8:41:Infinity":24,"b:41:20:41:27:41:27:41:32":6,"f:43:7:43:19":6,"b:44:8:44:Infinity:undefined:undefined:undefined:undefined":7,"s:44:8:44:Infinity":25,"s:44:24:44:Infinity":26,"f:46:7:46:21":7,"b:47:8:47:Infinity:undefined:undefined:undefined:undefined":8,"s:47:8:47:Infinity":27,"s:47:24:47:Infinity":28,"s:50:4:51:Infinity":29,"f:50:4:50:17":8,"s:51:6:51:Infinity":30,"s:55:2:55:Infinity":31}}}
,"/Users/jurandirjunior/Github/MindReader/frontend/src/i18n/LanguageContext.tsx": {"path":"/Users/jurandirjunior/Github/MindReader/frontend/src/i18n/LanguageContext.tsx","statementMap":{"0":{"start":{"line":10,"column":6},"end":{"line":10,"column":72}},"1":{"start":{"line":12,"column":20},"end":{"line":12,"column":null}},"2":{"start":{"line":15,"column":17},"end":{"line":15,"column":50}},"3":{"start":{"line":16,"column":2},"end":{"line":16,"column":null}},"4":{"start":{"line":20,"column":19},"end":{"line":20,"column":77}},"5":{"start":{"line":23,"column":4},"end":{"line":23,"column":null}},"6":{"start":{"line":24,"column":4},"end":{"line":24,"column":null}},"7":{"start":{"line":27,"column":2},"end":{"line":30,"column":null}},"8":{"start":{"line":35,"column":8},"end":{"line":35,"column":41}},"9":{"start":{"line":36,"column":2},"end":{"line":36,"column":null}},"10":{"start":{"line":36,"column":12},"end":{"line":36,"column":null}},"11":{"start":{"line":37,"column":2},"end":{"line":37,"column":null}}},"fnMap":{"0":{"name":"getInitialLanguage","decl":{"start":{"line":14,"column":9},"end":{"line":14,"column":40}},"loc":{"start":{"line":14,"column":40},"end":{"line":16,"column":null}},"line":14},"1":{"name":"LanguageProvider","decl":{"start":{"line":19,"column":16},"end":{"line":19,"column":33}},"loc":{"start":{"line":19,"column":72},"end":{"line":30,"column":null}},"line":19},"2":{"name":"setLanguage","decl":{"start":{"line":22,"column":11},"end":{"line":22,"column":23}},"loc":{"start":{"line":22,"column":39},"end":{"line":24,"column":null}},"line":22},"3":{"name":"useTranslation","decl":{"start":{"line":34,"column":16},"end":{"line":34,"column":33}},"loc":{"start":{"line":34,"column":33},"end":{"line":37,"column":null}},"line":34}},"branchMap":{"0":{"loc":{"start":{"line":16,"column":9},"end":{"line":16,"column":null}},"type":"cond-expr","locations":[{"start":{"line":16,"column":27},"end":{"line":16,"column":34}},{"start":{"line":16,"column":34},"end":{"line":16,"column":null}}],"line":16},"1":{"loc":{"start":{"line":36,"column":2},"end":{"line":36,"column":null}},"type":"if","locations":[{"start":{"line":36,"column":2},"end":{"line":36,"column":null}},{"start":{},"end":{}}],"line":36}},"s":{"0":4,"1":4,"2":29,"3":29,"4":31,"5":0,"6":0,"7":31,"8":59,"9":59,"10":0,"11":59},"f":{"0":29,"1":31,"2":0,"3":59},"b":{"0":[0,29],"1":[0,59]},"meta":{"lastBranch":2,"lastFunction":4,"lastStatement":12,"seen":{"s:10:6:10:72":0,"s:12:20:12:Infinity":1,"f:14:9:14:40":0,"s:15:17:15:50":2,"s:16:2:16:Infinity":3,"b:16:27:16:34:16:34:16:Infinity":0,"f:19:16:19:33":1,"s:20:19:20:77":4,"f:22:11:22:23":2,"s:23:4:23:Infinity":5,"s:24:4:24:Infinity":6,"s:27:2:30:Infinity":7,"f:34:16:34:33":3,"s:35:8:35:41":8,"b:36:2:36:Infinity:undefined:undefined:undefined:undefined":1,"s:36:2:36:Infinity":9,"s:36:12:36:Infinity":10,"s:37:2:37:Infinity":11}}}
,"/Users/jurandirjunior/Github/MindReader/frontend/src/i18n/translations.ts": {"path":"/Users/jurandirjunior/Github/MindReader/frontend/src/i18n/translations.ts","statementMap":{"0":{"start":{"line":35,"column":60},"end":{"line":101,"column":null}},"1":{"start":{"line":50,"column":34},"end":{"line":50,"column":null}},"2":{"start":{"line":83,"column":34},"end":{"line":83,"column":null}}},"fnMap":{"0":{"name":"(anonymous_0)","decl":{"start":{"line":50,"column":4},"end":{"line":50,"column":17}},"loc":{"start":{"line":50,"column":34},"end":{"line":50,"column":null}},"line":50},"1":{"name":"(anonymous_1)","decl":{"start":{"line":83,"column":4},"end":{"line":83,"column":17}},"loc":{"start":{"line":83,"column":34},"end":{"line":83,"column":null}},"line":83}},"branchMap":{},"s":{"0":5,"1":9,"2":1},"f":{"0":9,"1":1},"b":{},"meta":{"lastBranch":0,"lastFunction":2,"lastStatement":3,"seen":{"s:35:60:101:Infinity":0,"f:50:4:50:17":0,"s:50:34:50:Infinity":1,"f:83:4:83:17":1,"s:83:34:83:Infinity":2}}}
,"/Users/jurandirjunior/Github/MindReader/frontend/src/services/gameService.ts": {"path":"/Users/jurandirjunior/Github/MindReader/frontend/src/services/gameService.ts","statementMap":{"0":{"start":{"line":3,"column":17},"end":{"line":3,"column":null}},"1":{"start":{"line":6,"column":2},"end":{"line":11,"column":null}},"2":{"start":{"line":7,"column":22},"end":{"line":7,"column":59}},"3":{"start":{"line":7,"column":56},"end":{"line":7,"column":59}},"4":{"start":{"line":8,"column":4},"end":{"line":9,"column":null}},"5":{"start":{"line":9,"column":6},"end":{"line":9,"column":null}},"6":{"start":{"line":11,"column":4},"end":{"line":11,"column":null}},"7":{"start":{"line":13,"column":2},"end":{"line":13,"column":null}},"8":{"start":{"line":17,"column":19},"end":{"line":21,"column":4}},"9":{"start":{"line":22,"column":2},"end":{"line":22,"column":null}},"10":{"start":{"line":30,"column":2},"end":{"line":34,"column":null}},"11":{"start":{"line":43,"column":19},"end":{"line":47,"column":4}},"12":{"start":{"line":48,"column":2},"end":{"line":48,"column":null}}},"fnMap":{"0":{"name":"handleResponse","decl":{"start":{"line":5,"column":15},"end":{"line":5,"column":33}},"loc":{"start":{"line":5,"column":65},"end":{"line":13,"column":null}},"line":5},"1":{"name":"(anonymous_1)","decl":{"start":{"line":7,"column":44},"end":{"line":7,"column":56}},"loc":{"start":{"line":7,"column":56},"end":{"line":7,"column":59}},"line":7},"2":{"name":"startGame","decl":{"start":{"line":16,"column":22},"end":{"line":16,"column":32}},"loc":{"start":{"line":16,"column":78},"end":{"line":22,"column":null}},"line":16},"3":{"name":"recordMiss","decl":{"start":{"line":25,"column":22},"end":{"line":25,"column":null}},"loc":{"start":{"line":29,"column":17},"end":{"line":34,"column":null}},"line":29},"4":{"name":"answerQuestion","decl":{"start":{"line":37,"column":22},"end":{"line":37,"column":null}},"loc":{"start":{"line":42,"column":35},"end":{"line":48,"column":null}},"line":42}},"branchMap":{"0":{"loc":{"start":{"line":6,"column":2},"end":{"line":11,"column":null}},"type":"if","locations":[{"start":{"line":6,"column":2},"end":{"line":11,"column":null}},{"start":{},"end":{}}],"line":6},"1":{"loc":{"start":{"line":8,"column":4},"end":{"line":9,"column":null}},"type":"if","locations":[{"start":{"line":8,"column":4},"end":{"line":9,"column":null}},{"start":{},"end":{}}],"line":8},"2":{"loc":{"start":{"line":9,"column":22},"end":{"line":9,"column":119}},"type":"binary-expr","locations":[{"start":{"line":9,"column":22},"end":{"line":9,"column":35}},{"start":{"line":9,"column":35},"end":{"line":9,"column":119}}],"line":9},"3":{"loc":{"start":{"line":11,"column":20},"end":{"line":11,"column":92}},"type":"binary-expr","locations":[{"start":{"line":11,"column":20},"end":{"line":11,"column":33}},{"start":{"line":11,"column":33},"end":{"line":11,"column":92}}],"line":11}},"s":{"0":1,"1":5,"2":3,"3":0,"4":3,"5":1,"6":2,"7":2,"8":3,"9":3,"10":2,"11":2,"12":2},"f":{"0":5,"1":0,"2":3,"3":2,"4":2},"b":{"0":[3,2],"1":[1,2],"2":[1,0],"3":[2,0]},"meta":{"lastBranch":4,"lastFunction":5,"lastStatement":13,"seen":{"s:3:17:3:Infinity":0,"f:5:15:5:33":0,"b:6:2:11:Infinity:undefined:undefined:undefined:undefined":0,"s:6:2:11:Infinity":1,"s:7:22:7:59":2,"f:7:44:7:56":1,"s:7:56:7:59":3,"b:8:4:9:Infinity:undefined:undefined:undefined:undefined":1,"s:8:4:9:Infinity":4,"s:9:6:9:Infinity":5,"b:9:22:9:35:9:35:9:119":2,"s:11:4:11:Infinity":6,"b:11:20:11:33:11:33:11:92":3,"s:13:2:13:Infinity":7,"f:16:22:16:32":2,"s:17:19:21:4":8,"s:22:2:22:Infinity":9,"f:25:22:25:Infinity":3,"s:30:2:34:Infinity":10,"f:37:22:37:Infinity":4,"s:43:19:47:4":11,"s:48:2:48:Infinity":12}}}
,"/Users/jurandirjunior/Github/MindReader/frontend/src/test/renderWithLanguage.tsx": {"path":"/Users/jurandirjunior/Github/MindReader/frontend/src/test/renderWithLanguage.tsx","statementMap":{"0":{"start":{"line":6,"column":2},"end":{"line":6,"column":null}}},"fnMap":{"0":{"name":"renderWithLanguage","decl":{"start":{"line":5,"column":16},"end":{"line":5,"column":35}},"loc":{"start":{"line":5,"column":64},"end":{"line":6,"column":null}},"line":5}},"branchMap":{},"s":{"0":28},"f":{"0":28},"b":{},"meta":{"lastBranch":0,"lastFunction":1,"lastStatement":1,"seen":{"f:5:16:5:35":0,"s:6:2:6:Infinity":0}}}
}
